

times in msec
 clock   self+sourced   self:  sourced script
 clock   elapsed:              other lines

000.062  000.062: --- NVIM STARTING ---
000.489  000.427: event init
000.759  000.270: early init
003.751  002.991: locale set
003.938  000.187: init first window
005.302  001.364: inits 1
005.329  000.027: window checked
005.354  000.025: parsing arguments
006.747  000.201  000.201: require('vim.shared')
007.120  000.150  000.150: require('vim._meta')
007.128  000.364  000.214: require('vim._editor')
0

times in msec
 clock   self+sourced   self:  sourced script
 clock   elapsed:              other lines

000.067  000.067: --- NVIM STARTING ---
000.584  000.517: event init
000.909  000.325: early init
004.003  003.094: locale set
004.197  000.195: init first window
004.972  000.775: inits 1
005.023  000.051: window checked
005.045  000.022: parsing arguments
006.031  000.114  000.114: require('vim.shared')
006.286  000.102  000.102: require('vim._meta')
006.290  000.250  000.148: require('vim._editor')
006.294  000.439  000.075: require('vim._init_packages')
007.140  001.656: init lua interpreter
008.803  001.663: expanding arguments
008.941  000.138: inits 2
009.481  000.540: init highlight
009.485  000.004: waiting for UI
009.998  000.513: done waiting for UI
010.012  000.014: clear screen
010.300  000.288: init default mappings & autocommands
014.256  000.288  000.288: sourcing /usr/local/share/nvim/runtime/ftplugin.vim
014.899  000.150  000.150: sourcing /usr/local/share/nvim/runtime/indent.vim
015.007  004.269: sourcing vimrc file(s)
015.810  000.626  000.626: sourcing /usr/local/share/nvim/runtime/filetype.lua
016.690  000.260  000.260: sourcing /usr/local/share/nvim/runtime/syntax/synload.vim
017.343  001.157  000.898: sourcing /usr/local/share/nvim/runtime/syntax/syntax.vim
020.664  000.376  000.376: sourcing /usr/local/share/nvim/runtime/plugin/gzip.vim
020.911  000.066  000.066: sourcing /usr/local/share/nvim/runtime/plugin/health.vim
023.415  000.395  000.395: sourcing /usr/local/share/nvim/runtime/pack/dist/opt/matchit/plugin/matchit.vim
024.179  003.112  002.717: sourcing /usr/local/share/nvim/runtime/plugin/matchit.vim
024.701  000.379  000.379: sourcing /usr/local/share/nvim/runtime/plugin/matchparen.vim
025.671  000.826  000.826: sourcing /usr/local/share/nvim/runtime/plugin/netrwPlugin.vim
026.028  000.155  000.155: sourcing /usr/local/share/nvim/runtime/plugin/rplugin.vim
026.371  000.162  000.162: sourcing /usr/local/share/nvim/runtime/plugin/shada.vim
026.649  000.088  000.088: sourcing /usr/local/share/nvim/runtime/plugin/spellfile.vim
027.078  000.237  000.237: sourcing /usr/local/share/nvim/runtime/plugin/tarPlugin.vim
027.662  000.397  000.397: sourcing /usr/local/share/nvim/runtime/plugin/tohtml.vim
028.000  000.085  000.085: sourcing /usr/local/share/nvim/runtime/plugin/tutor.vim
028.565  000.400  000.400: sourcing /usr/local/share/nvim/runtime/plugin/zipPlugin.vim
030.945  000.283  000.283: sourcing /usr/local/share/nvim/runtime/plugin/editorconfig.lua
031.813  000.307  000.307: sourcing /usr/local/share/nvim/runtime/plugin/man.lua
032.545  000.531  000.531: sourcing /usr/local/share/nvim/runtime/plugin/nvim.lua
032.736  008.542: loading rtp plugins
033.833  001.096: loading packages
036.291  002.459: loading after plugins
036.333  000.041: inits 3
036.343  000.011: reading ShaDa
036.761  000.417: opening buffers
036.790  000.030: BufEnter autocommands
036.806  000.016: editing files in windows
036.956  000.149: VimEnter autocommands
036.962  000.006: UIEnter autocommands
036.969  000.007: before starting main loop
037.470  000.501: first screen update
037.475  000.005: --- NVIM STARTED ---
07.133  000.693  000.128: require('vim._init_packages')
007.313  001.266: init lua interpreter
019.467  012.154: expanding arguments
019.707  000.240: inits 2
020.445  000.738: init highlight
