

times in msec
 clock   self+sourced   self:  sourced script
 clock   elapsed:              other lines

000.078  000.078: --- NVIM STARTING ---
000.769  000.691: event init
001.407  000.638: early init
001.832  000.425: locale set
002.123  000.291: init first window
004.218  002.095: inits 1
004.320  000.102: window checked
004.527  000.207: parsing arguments
006.958  000.164  000.164: require('vim.shared')
007.415  000.217  000.217: require('vim._meta')
007.427  000.457  000.241: require('vim._editor')
007.435  000.772  000.150: require('vim._init_packages')
007.445  002.145: init lua interpreter
007.817  000.373: expanding arguments
008.013  000.195: inits 2
009.012  001.000: init highlight
009.021  000.009: waiting for UI
009.972  000.950: done waiting for UI
010.013  000.041: clear screen
010.342  000.330: init default mappings & autocommands
011.732  000.149  000.149: sourcing /usr/local/share/nvim/runtime/ftplugin.vim
011.874  000.061  000.061: sourcing /usr/local/share/nvim/runtime/indent.vim
012.201  000.109  000.109: require('vim.loader')
012.324  000.048  000.048: require('vim.fs')
012.631  000.395  000.347: require('settings.options')
012.781  000.144  000.144: require('settings.autocmd')
014.620  001.440  001.440: require('lazy')
014.723  000.062  000.062: require('ffi')
014.988  000.257  000.257: require('lazy.stats')
015.412  000.371  000.371: require('lazy.core.util')
015.607  000.189  000.189: require('lazy.core.config')
015.952  000.139  000.139: require('lazy.core.handler')
016.275  000.319  000.319: require('lazy.core.plugin')
016.292  000.679  000.221: require('lazy.core.loader')
017.393  000.150  000.150: require('plugins.specs.coding')
017.956  000.260  000.260: require('core.utils.lazyLoad')
017.991  000.438  000.178: require('plugins.specs.editor')
018.607  000.240  000.240: require('plugins.specs.ui')
019.177  000.193  000.193: require('lazy.core.handler.event')
019.381  000.196  000.196: require('lazy.core.handler.keys')
019.872  000.484  000.484: require('lazy.core.handler.ft')
020.162  000.276  000.276: require('lazy.core.handler.cmd')
020.232  000.016  000.016: require('vim.keymap')
022.265  000.363  000.363: sourcing /usr/local/share/nvim/runtime/filetype.lua
022.536  000.089  000.089: sourcing /usr/local/share/nvim/runtime/plugin/editorconfig.lua
022.604  000.018  000.018: sourcing /usr/local/share/nvim/runtime/plugin/health.vim
023.175  000.226  000.226: sourcing /usr/local/share/nvim/runtime/pack/dist/opt/matchit/plugin/matchit.vim
023.290  000.639  000.414: sourcing /usr/local/share/nvim/runtime/plugin/matchit.vim
023.518  000.184  000.184: sourcing /usr/local/share/nvim/runtime/plugin/matchparen.vim
023.666  000.102  000.102: sourcing /usr/local/share/nvim/runtime/plugin/nvim.lua
023.808  000.089  000.089: sourcing /usr/local/share/nvim/runtime/plugin/shada.vim
024.012  011.226  004.751: require('plugins')
025.429  000.506  000.506: require('catppuccin')
025.642  000.070  000.070: require('catppuccin.lib.hashing')
025.708  000.880  000.304: require('plugins.configs.ui.catppuccin')
026.733  000.925  000.925: sourcing /home/async/.local/share/nvim/lazy/nvim/colors/catppuccin.vim
026.752  014.732  001.053: sourcing /home/async/.config/nvim/init.lua
026.769  001.485: sourcing vimrc file(s)
026.929  000.086  000.086: sourcing /usr/local/share/nvim/runtime/filetype.lua
027.223  000.098  000.098: sourcing /usr/local/share/nvim/runtime/syntax/synload.vim
027.323  000.271  000.174: sourcing /usr/local/share/nvim/runtime/syntax/syntax.vim
027.340  000.213: inits 3
030.133  002.794: reading ShaDa
031.990  000.108  000.108: require('lazy.util')
032.297  000.134  000.134: require('lazy.view.sections')
032.519  000.096  000.096: require('lazy.manage.semver')
032.712  000.189  000.189: require('lazy.manage.process')
032.722  000.422  000.137: require('lazy.manage.git')
032.832  000.108  000.108: require('lazy.view.config')
032.916  000.081  000.081: require('lazy.view.text')
032.927  000.930  000.185: require('lazy.view.render')
033.022  000.093  000.093: require('lazy.view.diff')
033.125  000.100  000.100: require('lazy.view.float')
033.153  001.409  000.177: require('lazy.view')
033.764  000.084  000.084: require('lazy.manage.task')
033.772  000.391  000.307: require('lazy.manage.runner')
033.776  000.622  000.230: require('lazy.manage')
033.781  002.148  000.118: require('lazy.view.commands')
034.825  000.087  000.087: require('nvim-treesitter.utils')
035.581  000.088  000.088: require('vim.treesitter.language')
035.595  000.195  000.107: require('vim.treesitter.query')
035.657  000.059  000.059: require('vim.treesitter._range')
035.666  000.376  000.122: require('vim.treesitter.languagetree')
035.676  000.488  000.112: require('vim.treesitter')
036.699  001.861  001.373: require('nvim-treesitter.parsers')
037.393  000.140  000.140: require('nvim-treesitter.compat')
037.730  000.203  000.203: require('nvim-treesitter.ts_utils')
037.741  000.344  000.141: require('nvim-treesitter.tsrange')
037.863  000.119  000.119: require('nvim-treesitter.caching')
037.886  000.828  000.225: require('nvim-treesitter.query')
037.922  001.070  000.243: require('nvim-treesitter.configs')
037.928  001.225  000.155: require('nvim-treesitter.info')
038.125  000.194  000.194: require('nvim-treesitter.shell_command_selectors')
038.349  003.786  000.420: require('nvim-treesitter.install')
038.557  000.204  000.204: require('nvim-treesitter.statusline')
038.838  000.278  000.278: require('nvim-treesitter.query_predicates')
038.843  004.819  000.551: require('nvim-treesitter')
039.418  005.470  000.651: sourcing /home/async/.local/share/nvim/lazy/nvim-treesitter/plugin/nvim-treesitter.lua
039.989  000.070  000.070: require('nvim-treesitter.highlight')
039.995  000.537  000.466: require('plugins.configs.editor.treesitter')
041.670  001.614  001.614: require('vim.filetype')
042.647  000.085  000.085: sourcing /usr/local/share/nvim/runtime/ftplugin/lua.vim
043.288  000.050  000.050: sourcing /usr/local/share/nvim/runtime/indent/lua.vim
044.242  000.769  000.769: sourcing /usr/local/share/nvim/runtime/syntax/lua.vim
053.339  000.108  000.108: require('vim.treesitter.highlighter')
053.549  000.006  000.006: require('vim.F')
053.636  000.082  000.082: require('editorconfig')
053.834  012.831: opening buffers
053.836  000.003: BufEnter autocommands
053.847  000.011: editing files in windows
053.852  000.005: VimEnter autocommands
053.889  000.037: UIEnter autocommands
053.891  000.002: before starting main loop
069.817  015.926: first screen update
069.822  000.005: --- NVIM STARTED ---


times in msec
 clock   self+sourced   self:  sourced script
 clock   elapsed:              other lines

000.065  000.065: --- NVIM STARTING ---
000.782  000.717: event init
001.256  000.475: early init
001.525  000.269: locale set
001.776  000.250: init first window
003.414  001.638: inits 1
003.463  000.049: window checked
003.672  000.209: parsing arguments
006.751  000.397  000.397: require('vim.shared')
007.716  000.337  000.337: require('vim._meta')
007.731  000.949  000.612: require('vim._editor')
007.737  001.581  000.235: require('vim._init_packages')
007.750  002.498: init lua interpreter
011.263  003.512: expanding arguments
011.758  000.495: inits 2
014.186  002.428: init highlight


times in msec
 clock   self+sourced   self:  sourced script
 clock   elapsed:              other lines

000.069  000.069: --- NVIM STARTING ---
000.718  000.649: event init
001.223  000.504: early init
001.586  000.363: locale set
001.850  000.265: init first window
003.686  001.836: inits 1
003.783  000.097: window checked
003.961  000.179: parsing arguments
006.549  000.247  000.247: require('vim.shared')
007.053  000.202  000.202: require('vim._meta')
007.064  000.499  000.297: require('vim._editor')
007.072  000.964  000.218: require('vim._init_packages')
007.084  002.159: init lua interpreter
007.409  000.325: expanding arguments
007.591  000.182: inits 2
008.685  001.094: init highlight
008.694  000.009: waiting for UI
009.547  000.854: done waiting for UI
009.585  000.038: clear screen
009.977  000.392: init default mappings & autocommands
011.315  000.106  000.106: sourcing /usr/local/share/nvim/runtime/ftplugin.vim
011.472  000.082  000.082: sourcing /usr/local/share/nvim/runtime/indent.vim
011.798  000.100  000.100: require('vim.loader')
011.940  000.050  000.050: require('vim.fs')
012.227  000.396  000.346: require('settings.options')
012.361  000.128  000.128: require('settings.autocmd')
014.059  001.333  001.333: require('lazy')
014.149  000.050  000.050: require('ffi')
014.376  000.221  000.221: require('lazy.stats')
014.751  000.337  000.337: require('lazy.core.util')
014.957  000.201  000.201: require('lazy.core.config')
015.356  000.199  000.199: require('lazy.core.handler')
015.537  000.177  000.177: require('lazy.core.plugin')
015.554  000.592  000.217: require('lazy.core.loader')
016.206  000.118  000.118: require('plugins.specs.coding')
016.496  000.084  000.084: require('core.utils.lazyLoad')
016.541  000.301  000.218: require('plugins.specs.editor')
016.754  000.186  000.186: require('plugins.specs.ui')
017.117  000.150  000.150: require('lazy.core.handler.keys')
017.245  000.121  000.121: require('lazy.core.handler.cmd')
017.377  000.126  000.126: require('lazy.core.handler.event')
017.799  000.415  000.415: require('lazy.core.handler.ft')
018.066  000.021  000.021: require('vim.keymap')
020.822  000.854  000.854: sourcing /usr/local/share/nvim/runtime/filetype.lua
021.337  000.167  000.167: sourcing /usr/local/share/nvim/runtime/plugin/editorconfig.lua
021.418  000.025  000.025: sourcing /usr/local/share/nvim/runtime/plugin/health.vim
022.030  000.231  000.231: sourcing /usr/local/share/nvim/runtime/pack/dist/opt/matchit/plugin/matchit.vim
022.145  000.640  000.409: sourcing /usr/local/share/nvim/runtime/plugin/matchit.vim
022.379  000.190  000.190: sourcing /usr/local/share/nvim/runtime/plugin/matchparen.vim
022.533  000.111  000.111: sourcing /usr/local/share/nvim/runtime/plugin/nvim.lua
022.667  000.085  000.085: sourcing /usr/local/share/nvim/runtime/plugin/shada.vim
022.908  010.543  004.299: require('plugins')
024.378  000.491  000.491: require('catppuccin')
024.874  000.207  000.207: require('catppuccin.lib.hashing')
024.953  001.212  000.514: require('plugins.configs.ui.catppuccin')
025.972  000.942  000.942: sourcing /home/async/.local/share/nvim/lazy/nvim/colors/catppuccin.vim
025.986  014.358  001.037: sourcing /home/async/.config/nvim/init.lua
025.997  001.475: sourcing vimrc file(s)
026.123  000.062  000.062: sourcing /usr/local/share/nvim/runtime/filetype.lua
026.372  000.097  000.097: sourcing /usr/local/share/nvim/runtime/syntax/synload.vim
026.468  000.264  000.167: sourcing /usr/local/share/nvim/runtime/syntax/syntax.vim
026.485  000.162: inits 3
029.310  002.825: reading ShaDa
031.568  000.109  000.109: require('lazy.util')
031.968  000.162  000.162: require('lazy.view.sections')
032.286  000.160  000.160: require('lazy.manage.semver')
032.445  000.155  000.155: require('lazy.manage.process')
032.457  000.486  000.171: require('lazy.manage.git')
032.560  000.101  000.101: require('lazy.view.config')
032.645  000.082  000.082: require('lazy.view.text')
032.652  001.079  000.247: require('lazy.view.render')
032.795  000.141  000.141: require('lazy.view.diff')
033.081  000.283  000.283: require('lazy.view.float')
033.114  001.807  000.195: require('lazy.view')
033.374  000.069  000.069: require('lazy.manage.task')
033.379  000.135  000.067: require('lazy.manage.runner')
033.383  000.267  000.132: require('lazy.manage')
033.388  002.263  000.188: require('lazy.view.commands')
034.087  000.062  000.062: require('nvim-treesitter.utils')
034.558  000.055  000.055: require('vim.treesitter.language')
034.569  000.152  000.097: require('vim.treesitter.query')
034.650  000.079  000.079: require('vim.treesitter._range')
034.660  000.336  000.105: require('vim.treesitter.languagetree')
034.666  000.440  000.104: require('vim.treesitter')
035.299  001.207  000.768: require('nvim-treesitter.parsers')
035.738  000.083  000.083: require('nvim-treesitter.compat')
036.034  000.161  000.161: require('nvim-treesitter.ts_utils')
036.042  000.301  000.140: require('nvim-treesitter.tsrange')
036.109  000.065  000.065: require('nvim-treesitter.caching')
036.124  000.584  000.135: require('nvim-treesitter.query')
036.148  000.761  000.176: require('nvim-treesitter.configs')
036.179  000.877  000.117: require('nvim-treesitter.info')
036.393  000.212  000.212: require('nvim-treesitter.shell_command_selectors')
036.511  002.573  000.215: require('nvim-treesitter.install')
036.604  000.090  000.090: require('nvim-treesitter.statusline')
036.676  000.070  000.070: require('nvim-treesitter.query_predicates')
036.679  003.130  000.396: require('nvim-treesitter')
037.109  003.614  000.485: sourcing /home/async/.local/share/nvim/lazy/nvim-treesitter/plugin/nvim-treesitter.lua
037.453  000.059  000.059: require('nvim-treesitter.highlight')
037.461  000.318  000.259: require('plugins.configs.editor.treesitter')
038.582  001.080  001.080: require('vim.filetype')
039.489  000.085  000.085: sourcing /usr/local/share/nvim/runtime/ftplugin/lua.vim
040.122  000.047  000.047: sourcing /usr/local/share/nvim/runtime/indent/lua.vim
041.105  000.800  000.800: sourcing /usr/local/share/nvim/runtime/syntax/lua.vim
050.124  000.101  000.101: require('vim.treesitter.highlighter')
050.308  000.007  000.007: require('vim.F')
050.424  000.111  000.111: require('editorconfig')
050.616  012.881: opening buffers
050.619  000.003: BufEnter autocommands
050.624  000.005: editing files in windows
050.629  000.005: VimEnter autocommands
050.667  000.038: UIEnter autocommands
050.669  000.002: before starting main loop
068.454  017.785: first screen update
068.460  000.005: --- NVIM STARTED ---


times in msec
 clock   self+sourced   self:  sourced script
 clock   elapsed:              other lines

000.055  000.055: --- NVIM STARTING ---
000.563  000.508: event init
000.941  000.378: early init
001.155  000.214: locale set
001.407  000.252: init first window
002.991  001.584: inits 1
003.046  000.055: window checked
003.409  000.364: parsing arguments
006.066  000.417  000.417: require('vim.shared')
006.887  000.339  000.339: require('vim._meta')
006.902  000.811  000.472: require('vim._editor')
006.912  001.422  000.195: require('vim._init_packages')
006.926  002.095: init lua interpreter
010.142  003.216: expanding arguments
010.540  000.398: inits 2
012.279  001.739: init highlight


times in msec
 clock   self+sourced   self:  sourced script
 clock   elapsed:              other lines

000.018  000.018: --- NVIM STARTING ---
000.185  000.166: event init
000.317  000.132: early init
000.394  000.077: locale set
000.465  000.071: init first window
000.979  000.514: inits 1
001.014  000.036: window checked
001.076  000.062: parsing arguments
001.968  000.166  000.166: require('vim.shared')
002.181  000.079  000.079: require('vim._meta')
002.185  000.206  000.127: require('vim._editor')
002.187  000.436  000.063: require('vim._init_packages')
002.191  000.680: init lua interpreter
002.352  000.161: expanding arguments
002.424  000.072: inits 2
002.944  000.521: init highlight
002.948  000.003: waiting for UI
003.304  000.356: done waiting for UI
003.319  000.015: clear screen
003.470  000.151: init default mappings & autocommands
004.594  000.105  000.105: sourcing /usr/local/share/nvim/runtime/ftplugin.vim
004.727  000.063  000.063: sourcing /usr/local/share/nvim/runtime/indent.vim
005.004  000.097  000.097: require('vim.loader')
005.110  000.039  000.039: require('vim.fs')
005.388  000.355  000.316: require('settings.options')
005.506  000.113  000.113: require('settings.autocmd')
007.121  001.177  001.177: require('lazy')
007.216  000.049  000.049: require('ffi')
007.353  000.133  000.133: require('lazy.stats')
007.567  000.176  000.176: require('lazy.core.util')
007.896  000.327  000.327: require('lazy.core.config')
008.193  000.073  000.073: require('lazy.core.handler')
008.407  000.211  000.211: require('lazy.core.plugin')
008.415  000.515  000.231: require('lazy.core.loader')
009.518  000.229  000.229: require('plugins.specs.coding')
009.919  000.187  000.187: require('core.utils.lazyLoad')
009.945  000.381  000.194: require('plugins.specs.editor')
010.073  000.107  000.107: require('plugins.specs.ui')
010.795  000.121  000.121: require('lazy.core.handler.keys')
011.178  000.132  000.132: require('lazy.core.handler.event')
011.182  000.382  000.250: require('lazy.core.handler.ft')
011.286  000.100  000.100: require('lazy.core.handler.cmd')
011.313  000.010  000.010: require('vim.keymap')
013.051  000.325  000.325: sourcing /usr/local/share/nvim/runtime/filetype.lua
013.417  000.152  000.152: sourcing /usr/local/share/nvim/runtime/plugin/editorconfig.lua
013.477  000.016  000.016: sourcing /usr/local/share/nvim/runtime/plugin/health.vim
013.965  000.185  000.185: sourcing /usr/local/share/nvim/runtime/pack/dist/opt/matchit/plugin/matchit.vim
014.055  000.536  000.351: sourcing /usr/local/share/nvim/runtime/plugin/matchit.vim
014.253  000.143  000.143: sourcing /usr/local/share/nvim/runtime/plugin/matchparen.vim
014.409  000.120  000.120: sourcing /usr/local/share/nvim/runtime/plugin/nvim.lua
014.589  000.125  000.125: sourcing /usr/local/share/nvim/runtime/plugin/shada.vim
015.073  009.563  004.439: require('plugins')
017.624  000.936  000.936: require('catppuccin')
017.829  000.093  000.093: require('catppuccin.lib.hashing')
017.898  001.543  000.514: require('plugins.configs.ui.catppuccin')
019.003  001.022  001.022: sourcing /home/async/.local/share/nvim/lazy/nvim/colors/catppuccin.vim
019.028  014.185  001.493: sourcing /home/async/.config/nvim/init.lua
019.048  001.224: sourcing vimrc file(s)
019.275  000.136  000.136: sourcing /usr/local/share/nvim/runtime/filetype.lua
019.646  000.131  000.131: sourcing /usr/local/share/nvim/runtime/syntax/synload.vim
019.768  000.357  000.227: sourcing /usr/local/share/nvim/runtime/syntax/syntax.vim
019.791  000.249: inits 3
023.676  003.885: reading ShaDa
026.042  000.084  000.084: require('lazy.util')
026.340  000.083  000.083: require('lazy.view.sections')
026.574  000.095  000.095: require('lazy.manage.semver')
026.657  000.081  000.081: require('lazy.manage.process')
026.662  000.318  000.143: require('lazy.manage.git')
026.763  000.099  000.099: require('lazy.view.config')
026.874  000.109  000.109: require('lazy.view.text')
026.887  000.839  000.230: require('lazy.view.render')
026.975  000.086  000.086: require('lazy.view.diff')
027.101  000.124  000.124: require('lazy.view.float')
027.136  001.286  000.153: require('lazy.view')
027.444  000.098  000.098: require('lazy.manage.task')
027.449  000.196  000.098: require('lazy.manage.runner')
027.457  000.319  000.123: require('lazy.manage')
027.463  001.710  000.105: require('lazy.view.commands')
028.941  000.283  000.283: require('nvim-treesitter.utils')
029.476  000.047  000.047: require('vim.treesitter.language')
029.487  000.176  000.129: require('vim.treesitter.query')
029.532  000.043  000.043: require('vim.treesitter._range')
029.539  000.297  000.078: require('vim.treesitter.languagetree')
029.557  000.383  000.086: require('vim.treesitter')
029.949  001.000  000.617: require('nvim-treesitter.parsers')
030.392  000.126  000.126: require('nvim-treesitter.compat')
030.863  000.266  000.266: require('nvim-treesitter.ts_utils')
030.882  000.485  000.219: require('nvim-treesitter.tsrange')
031.117  000.232  000.232: require('nvim-treesitter.caching')
031.156  001.018  000.175: require('nvim-treesitter.query')
031.182  001.149  000.131: require('nvim-treesitter.configs')
031.187  001.235  000.086: require('nvim-treesitter.info')
031.367  000.177  000.177: require('nvim-treesitter.shell_command_selectors')
031.449  003.287  000.592: require('nvim-treesitter.install')
031.553  000.099  000.099: require('nvim-treesitter.statusline')
031.683  000.127  000.127: require('nvim-treesitter.query_predicates')
031.688  004.024  000.512: require('nvim-treesitter')
032.283  004.685  000.661: sourcing /home/async/.local/share/nvim/lazy/nvim-treesitter/plugin/nvim-treesitter.lua
032.785  000.076  000.076: require('nvim-treesitter.highlight')
032.795  000.467  000.391: require('plugins.configs.editor.treesitter')
034.512  001.671  001.671: require('vim.filetype')
035.464  000.085  000.085: sourcing /usr/local/share/nvim/runtime/ftplugin/lua.vim
036.100  000.047  000.047: sourcing /usr/local/share/nvim/runtime/indent/lua.vim
037.051  000.759  000.759: sourcing /usr/local/share/nvim/runtime/syntax/lua.vim
046.238  000.189  000.189: require('vim.treesitter.highlighter')
046.431  000.007  000.007: require('vim.F')
046.519  000.083  000.083: require('editorconfig')
046.690  013.312: opening buffers
046.693  000.003: BufEnter autocommands
046.704  000.011: editing files in windows
046.709  000.005: VimEnter autocommands
046.746  000.037: UIEnter autocommands
046.748  000.002: before starting main loop
063.207  016.459: first screen update
063.212  000.005: --- NVIM STARTED ---


times in msec
 clock   self+sourced   self:  sourced script
 clock   elapsed:              other lines

000.014  000.014: --- NVIM STARTING ---
000.157  000.143: event init
000.292  000.135: early init
000.358  000.066: locale set
000.416  000.058: init first window
000.871  000.456: inits 1
000.884  000.013: window checked
000.923  000.039: parsing arguments
001.849  000.092  000.092: require('vim.shared')
002.066  000.074  000.074: require('vim._meta')
002.071  000.216  000.142: require('vim._editor')
002.075  000.378  000.070: require('vim._init_packages')
002.080  000.779: init lua interpreter
002.961  000.881: expanding arguments
003.088  000.127: inits 2
003.642  000.554: init highlight
