

times in msec
 clock   self+sourced   self:  sourced script
 clock   elapsed:              other lines

000.109  000.109: --- NVIM STARTING ---
000.800  000.691: event init
001.281  000.481: early init
005.128  003.847: locale set
005.327  000.199: init first window
006.363  001.036: inits 1
006.397  000.035: window checked
006.429  000.032: parsing arguments
007.444  000.144  000.144: require('vim.shared')
007.701  000.098  000.098: require('vim._meta')
007.706  000.255  000.158: require('vim._editor')
0

times in msec
 clock   self+sourced   self:  sourced script
 clock   elapsed:              other lines

000.067  000.067: --- NVIM STARTING ---
000.723  000.656: event init
001.202  000.479: early init
006.987  005.785: locale set
007.206  000.219: init first window
008.327  001.120: inits 1
008.424  000.097: window checked
008.467  000.044: parsing arguments
017.248  000.176  000.176: require('vim.shared')
017.729  000.147  000.147: require('vim._meta')
017.739  000.429  000.282: require('vim._editor')
017.745  000.730  000.125: require('vim._init_packages')
018.560  009.362: init lua interpreter
021.038  002.478: expanding arguments
021.235  000.197: inits 2
022.090  000.855: init highlight
022.108  000.018: waiting for UI
031.984  009.876: done waiting for UI
032.103  000.119: clear screen
032.728  000.626: init default mappings & autocommands
033.726  000.997: --cmd commands
039.998  000.332  000.332: sourcing /usr/local/share/nvim/runtime/ftplugin.vim
040.519  000.207  000.207: sourcing /usr/local/share/nvim/runtime/indent.vim
042.086  000.300  000.300: require('core.disableBuiltinPlugins')
043.443  001.346  001.346: require('core.options')
054.462  010.325  010.325: require('core.utils.icons.lazy')
055.117  000.641  000.641: require('lazy')
055.248  000.056  000.056: require('ffi')
056.432  001.172  001.172: require('lazy.core.cache')
057.192  000.677  000.677: require('lazy.stats')
057.692  000.457  000.457: require('lazy.core.util')
058.161  000.461  000.461: require('lazy.core.config')
059.612  000.464  000.464: require('lazy.core.handler')
060.160  000.509  000.509: require('lazy.core.plugin')
060.175  002.007  001.033: require('lazy.core.loader')
063.634  000.489  000.489: require('plugins.specs.editor')
064.301  000.466  000.466: require('plugins.specs.lsp')
064.921  000.457  000.457: require('plugins.specs.tools')
065.503  000.499  000.499: require('plugins.specs.ui')
068.747  000.769  000.769: require('lazy.core.handler.event')
068.761  001.748  000.980: require('lazy.core.handler.ft')
069.251  000.482  000.482: require('lazy.core.handler.keys')
069.750  000.457  000.457: require('lazy.core.handler.cmd')
069.840  000.022  000.022: require('vim.keymap')
074.057  001.735  001.735: sourcing /usr/local/share/nvim/runtime/filetype.lua
075.163  000.153  000.153: sourcing /usr/local/share/nvim/runtime/plugin/health.vim
075.600  000.265  000.265: sourcing /usr/local/share/nvim/runtime/plugin/shada.vim
076.402  032.944  010.375: require('core.lazy')
087.233  001.620  001.620: require('catppuccin')
089.486  004.090  002.470: sourcing /home/a/.local/share/nvim/lazy/nvim/colors/catppuccin.vim
089.600  048.269  009.588: require('core')
089.608  048.514  000.246: sourcing /home/a/.config/nvim/init.lua
089.792  007.013: sourcing vimrc file(s)
090.711  000.311  000.311: sourcing /usr/local/share/nvim/runtime/filetype.lua
092.304  000.395  000.395: sourcing /usr/local/share/nvim/runtime/syntax/synload.vim
092.586  001.187  000.792: sourcing /usr/local/share/nvim/runtime/syntax/syntax.vim
092.646  001.356: inits 3
092.663  000.017: reading ShaDa
093.005  000.342: opening buffers
093.013  000.007: BufEnter autocommands
093.027  000.015: editing files in windows
094.100  000.373  000.373: sourcing /home/a/.config/nvim/init.lua
094.148  000.748: executing command arguments
096.974  000.272  000.272: sourcing /home/a/.local/share/nvim/lazy/nvim-web-devicons/plugin/nvim-web-devicons.vim
098.080  000.408  000.408: sourcing /home/a/.local/share/nvim/lazy/dashboard-nvim/plugin/dashboard.lua
101.341  000.413  000.413: require('dashboard.utils')
101.398  003.085  002.672: require('dashboard')
101.510  003.596: VimEnter autocommands
114.447  000.618  000.618: require('dashboard.theme.hyper')
115.692  013.564: UIEnter autocommands
115.707  000.015: before starting main loop
116.787  001.080: first screen update
116.792  000.005: --- NVIM STARTED ---
07.710  000.480  000.081: require('vim._init_packages')
007.843  000.934: init lua interpreter
036.838  028.995: expanding arguments
037.157  000.319: inits 2
038.268  001.110: init highlight
