

times in msec
 clock   self+sourced   self:  sourced script
 clock   elapsed:              other lines

000.055  000.055: --- NVIM STARTING ---
000.584  000.530: event init
001.044  000.460: early init
001.300  000.256: locale set
001.591  000.290: init first window
003.271  001.680: inits 1
003.371  000.101: window checked
003.771  000.400: parsing arguments
007.185  000.229  000.229: require('vim.shared')
007.707  000.211  000.211: require('vim._meta')
007.717  000.513  000.302: require('vim._editor')
007.722  001.063  000.321: require('vim._init_packages')
007.734  002.900: init lua interpreter
008.065  000.331: expanding arguments
008.216  000.151: inits 2
009.036  000.820: init highlight
009.040  000.004: waiting for UI
009.844  000.804: done waiting for UI
009.893  000.049: clear screen
010.249  000.356: init default mappings & autocommands
011.255  000.141  000.141: sourcing /usr/local/share/nvim/runtime/ftplugin.vim
011.418  000.086  000.086: sourcing /usr/local/share/nvim/runtime/indent.vim
011.440  000.964: sourcing vimrc file(s)
011.896  000.401  000.401: sourcing /usr/local/share/nvim/runtime/filetype.lua
012.378  000.245  000.245: sourcing /usr/local/share/nvim/runtime/syntax/synload.vim
012.791  000.776  000.531: sourcing /usr/local/share/nvim/runtime/syntax/syntax.vim
014.700  000.472  000.472: sourcing /usr/local/share/nvim/runtime/plugin/gzip.vim
014.775  000.020  000.020: sourcing /usr/local/share/nvim/runtime/plugin/health.vim
016.176  000.449  000.449: sourcing /usr/local/share/nvim/runtime/pack/dist/opt/matchit/plugin/matchit.vim
016.428  001.596  001.146: sourcing /usr/local/share/nvim/runtime/plugin/matchit.vim
016.845  000.381  000.381: sourcing /usr/local/share/nvim/runtime/plugin/matchparen.vim
017.653  000.769  000.769: sourcing /usr/local/share/nvim/runtime/plugin/netrwPlugin.vim
017.783  000.073  000.073: sourcing /usr/local/share/nvim/runtime/plugin/rplugin.vim
017.917  000.078  000.078: sourcing /usr/local/share/nvim/runtime/plugin/shada.vim
018.003  000.032  000.032: sourcing /usr/local/share/nvim/runtime/plugin/spellfile.vim
018.186  000.139  000.139: sourcing /usr/local/share/nvim/runtime/plugin/tarPlugin.vim
018.360  000.120  000.120: sourcing /usr/local/share/nvim/runtime/plugin/tohtml.vim
018.424  000.024  000.024: sourcing /usr/local/share/nvim/runtime/plugin/tutor.vim
018.728  000.261  000.261: sourcing /usr/local/share/nvim/runtime/plugin/zipPlugin.vim
019.245  000.080  000.080: sourcing /usr/local/share/nvim/runtime/plugin/editorconfig.lua
019.402  000.115  000.115: sourcing /usr/local/share/nvim/runtime/plugin/man.lua
019.511  000.067  000.067: sourcing /usr/local/share/nvim/runtime/plugin/nvim.lua
019.536  002.690: loading rtp plugins
019.728  000.192: loading packages
020.114  000.386: loading after plugins
020.131  000.017: inits 3
020.134  000.002: reading ShaDa
025.426  004.714  004.714: require('vim.filetype')
026.839  000.087  000.087: sourcing /usr/local/share/nvim/runtime/ftplugin/lua.vim
027.593  000.057  000.057: sourcing /usr/local/share/nvim/runtime/indent/lua.vim
028.528  000.800  000.800: sourcing /usr/local/share/nvim/runtime/syntax/lua.vim
028.654  000.009  000.009: require('vim.F')
028.904  000.244  000.244: require('editorconfig')
029.140  000.232  000.232: require('vim.fs')
029.337  003.060: opening buffers
029.357  000.020: BufEnter autocommands
029.367  000.010: editing files in windows
029.448  000.080: VimEnter autocommands
029.451  000.003: UIEnter autocommands
029.452  000.001: before starting main loop
030.247  000.795: first screen update
030.250  000.003: --- NVIM STARTED ---


times in msec
 clock   self+sourced   self:  sourced script
 clock   elapsed:              other lines

000.069  000.069: --- NVIM STARTING ---
000.678  000.609: event init
001.186  000.508: early init
001.471  000.285: locale set
001.774  000.303: init first window
003.624  001.849: inits 1
003.682  000.059: window checked
003.984  000.302: parsing arguments
006.218  000.240  000.240: require('vim.shared')
006.922  000.286  000.286: require('vim._meta')
006.934  000.695  000.409: require('vim._editor')
006.939  001.220  000.285: require('vim._init_packages')
006.955  001.751: init lua interpreter
009.859  002.904: expanding arguments
010.243  000.385: inits 2
012.362  002.119: init highlight
