

times in msec
 clock   self+sourced   self:  sourced script
 clock   elapsed:              other lines

000.019  000.019: --- NVIM STARTING ---
000.182  000.163: event init
000.347  000.165: early init
000.426  000.079: locale set
000.481  000.055: init first window
000.904  000.423: inits 1
000.927  000.023: window checked
000.933  000.006: parsing arguments
001.716  000.077  000.077: require('vim.shared')
001.930  000.084  000.084: require('vim._meta')
001.935  000.213  000.129: require('vim._editor')
001.937  000.371  000.080: require('vim._init_packages')
001.941  000.637: init lua interpreter
002.096  000.155: expanding arguments
002.171  000.074: inits 2
002.643  000.472: init highlight
002.646  000.003: waiting for UI
003.121  000.475: done waiting for UI
003.143  000.022: clear screen
003.339  000.196: init default mappings & autocommands
003.981  000.085  000.085: sourcing /usr/local/share/nvim/runtime/ftplugin.vim
004.078  000.052  000.052: sourcing /usr/local/share/nvim/runtime/indent.vim
004.092  000.616: sourcing vimrc file(s)
005.063  000.940  000.940: sourcing /usr/local/share/nvim/runtime/filetype.lua
005.303  000.125  000.125: sourcing /usr/local/share/nvim/runtime/syntax/synload.vim
005.455  000.333  000.208: sourcing /usr/local/share/nvim/runtime/syntax/syntax.vim
006.449  000.420  000.420: sourcing /usr/local/share/nvim/runtime/plugin/gzip.vim
006.493  000.013  000.013: sourcing /usr/local/share/nvim/runtime/plugin/health.vim
007.683  000.328  000.328: sourcing /usr/local/share/nvim/runtime/pack/dist/opt/matchit/plugin/matchit.vim
007.797  001.284  000.956: sourcing /usr/local/share/nvim/runtime/plugin/matchit.vim
008.059  000.239  000.239: sourcing /usr/local/share/nvim/runtime/plugin/matchparen.vim
008.664  000.577  000.577: sourcing /usr/local/share/nvim/runtime/plugin/netrwPlugin.vim
008.754  000.049  000.049: sourcing /usr/local/share/nvim/runtime/plugin/rplugin.vim
008.861  000.055  000.055: sourcing /usr/local/share/nvim/runtime/plugin/shada.vim
008.922  000.022  000.022: sourcing /usr/local/share/nvim/runtime/plugin/spellfile.vim
009.252  000.299  000.299: sourcing /usr/local/share/nvim/runtime/plugin/tarPlugin.vim
009.551  000.256  000.256: sourcing /usr/local/share/nvim/runtime/plugin/tohtml.vim
009.728  000.146  000.146: sourcing /usr/local/share/nvim/runtime/plugin/tutor.vim
010.038  000.280  000.280: sourcing /usr/local/share/nvim/runtime/plugin/zipPlugin.vim
010.564  000.185  000.185: sourcing /usr/local/share/nvim/runtime/plugin/editorconfig.lua
010.766  000.174  000.174: sourcing /usr/local/share/nvim/runtime/plugin/man.lua
011.012  000.209  000.209: sourcing /usr/local/share/nvim/runtime/plugin/nvim.lua
011.082  001.508: loading rtp plugins
011.369  000.287: loading packages
011.985  000.616: loading after plugins
012.025  000.040: inits 3
012.029  000.004: reading ShaDa
012.267  000.237: opening buffers
012.285  000.018: BufEnter autocommands
012.294  000.009: editing files in windows
012.370  000.076: VimEnter autocommands
012.373  000.003: UIEnter autocommands
012.374  000.001: before starting main loop
013.192  000.818: first screen update
013.202  000.010: --- NVIM STARTED ---


times in msec
 clock   self+sourced   self:  sourced script
 clock   elapsed:              other lines

000.056  000.056: --- NVIM STARTING ---
000.361  000.305: event init
000.539  000.178: early init
000.629  000.090: locale set
000.692  000.063: init first window
001.183  000.491: inits 1
001.197  000.014: window checked
001.203  000.006: parsing arguments
002.004  000.107  000.107: require('vim.shared')
002.257  000.100  000.100: require('vim._meta')
002.263  000.251  000.151: require('vim._editor')
002.266  000.438  000.079: require('vim._init_packages')
002.273  000.632: init lua interpreter
003.033  000.760: expanding arguments
003.148  000.115: inits 2
003.612  000.464: init highlight
