

times in msec
 clock   self+sourced   self:  sourced script
 clock   elapsed:              other lines

000.068  000.068: --- NVIM STARTING ---
000.485  000.417: event init
000.755  000.270: early init
004.533  003.778: locale set
004.748  000.215: init first window
006.019  001.271: inits 1
006.053  000.035: window checked
006.079  000.026: parsing arguments
007.156  000.157  000.157: require('vim.shared')
007.415  000.098  000.098: require('vim._meta')
007.420  000.251  000.153: require('vim._editor')
0

times in msec
 clock   self+sourced   self:  sourced script
 clock   elapsed:              other lines

000.064  000.064: --- NVIM STARTING ---
000.456  000.392: event init
000.694  000.238: early init
003.491  002.797: locale set
003.734  000.243: init first window
004.518  000.784: inits 1
004.569  000.051: window checked
004.584  000.014: parsing arguments
005.579  000.119  000.119: require('vim.shared')
005.833  000.101  000.101: require('vim._meta')
005.838  000.250  000.149: require('vim._editor')
005.841  000.439  000.070: require('vim._init_packages')
006.687  001.664: init lua interpreter
008.345  001.658: expanding arguments
008.562  000.217: inits 2
009.221  000.658: init highlight
009.227  000.007: waiting for UI
010.054  000.826: done waiting for UI
010.079  000.026: clear screen
010.370  000.291: init default mappings & autocommands
016.632  000.266  000.266: sourcing /usr/local/share/nvim/runtime/ftplugin.vim
017.133  000.116  000.116: sourcing /usr/local/share/nvim/runtime/indent.vim
018.108  000.336  000.336: require('core')
021.945  000.012  000.012: require('vim.F')
022.005  002.947  002.935: require('vim.diagnostic')
022.012  003.869  000.921: require('core.options')
022.606  000.215  000.215: require('util.async')
050.336  001.094  001.094: require('completion.cmp')
051.201  000.854  000.854: require('completion.luasnip')
052.070  000.862  000.862: require('completion.luasnip_keys')
052.077  003.168  000.358: require('modules/plugins/completion')
052.491  000.184  000.184: require('modules/plugins/core')
053.639  000.929  000.929: require('editor.treesitter')
055.009  001.360  001.360: require('editor.comment')
055.894  000.876  000.876: require('editor.autopairs')
056.882  000.980  000.980: require('editor.twilight')
057.786  000.873  000.873: require('editor.gitsigns')
058.854  001.061  001.061: require('editor.ufo')
059.972  001.108  001.108: require('editor.which_key')
061.563  001.582  001.582: require('editor.leap')
061.576  009.073  000.306: require('modules/plugins/editor')
063.653  000.219  000.219: require('modules.configs.lsp.lsp_config')
063.662  001.145  000.926: require('lsp.mason')
064.646  000.978  000.978: require('lsp.nls')
065.499  000.845  000.845: require('lsp.fidget')
065.506  003.297  000.328: require('modules/plugins/lsp')
066.635  000.869  000.869: require('tools.nvimtree')
066.642  001.051  000.182: require('modules/plugins/tools')
067.877  000.878  000.878: require('ui.catppuccin')
068.722  000.826  000.826: require('ui.indent_blankline')
069.561  000.831  000.831: require('ui.indentscope')
070.499  000.931  000.931: require('ui.heirline')
071.370  000.863  000.863: require('ui.dashboard')
072.249  000.871  000.871: require('ui.colorizer')
072.256  005.466  000.266: require('modules/plugins/ui')
078.323  005.534  005.534: require('core.settings')
078.763  000.394  000.394: require('lazy')
078.854  000.052  000.052: require('ffi')
079.640  000.778  000.778: require('lazy.core.cache')
080.319  000.607  000.607: require('lazy.stats')
080.822  000.462  000.462: require('lazy.core.util')
081.291  000.461  000.461: require('lazy.core.config')
082.339  000.552  000.552: require('lazy.core.handler')
082.681  000.334  000.334: require('lazy.core.plugin')
082.693  001.395  000.509: require('lazy.core.loader')
088.326  000.278  000.278: require('lazy.core.handler.keys')
088.767  000.220  000.220: require('lazy.core.handler.event')
088.775  000.437  000.217: require('lazy.core.handler.ft')
088.990  000.208  000.208: require('lazy.core.handler.cmd')
089.203  000.010  000.010: require('vim.keymap')
091.747  001.533  001.533: sourcing /usr/local/share/nvim/runtime/filetype.lua
093.078  000.263  000.263: sourcing /usr/local/share/nvim/runtime/plugin/editorconfig.lua
093.575  000.084  000.084: sourcing /usr/local/share/nvim/runtime/plugin/health.vim
096.125  000.412  000.412: sourcing /usr/local/share/nvim/runtime/pack/dist/opt/matchit/plugin/matchit.vim
096.676  002.687  002.275: sourcing /usr/local/share/nvim/runtime/plugin/matchit.vim
097.252  000.391  000.391: sourcing /usr/local/share/nvim/runtime/plugin/matchparen.vim
097.657  000.235  000.235: sourcing /usr/local/share/nvim/runtime/plugin/nvim.lua
098.581  076.565  038.303: require('core.lazy')
099.153  000.556  000.556: require('core.autocmds')
110.272  001.532  001.532: require('catppuccin')
112.129  003.504  001.972: sourcing /home/a/.local/share/nvim/lazy/catppuccin/colors/catppuccin.vim
112.184  094.561  009.732: sourcing /home/a/.config/nvim/init.lua
112.302  006.989: sourcing vimrc file(s)
113.053  000.336  000.336: sourcing /usr/local/share/nvim/runtime/filetype.lua
114.669  000.238  000.238: sourcing /usr/local/share/nvim/runtime/syntax/synload.vim
114.868  001.075  000.838: sourcing /usr/local/share/nvim/runtime/syntax/syntax.vim
114.911  001.198: inits 3
133.639  018.728: reading ShaDa
134.454  000.815: opening buffers
134.462  000.007: BufEnter autocommands
134.477  000.015: editing files in windows
136.429  000.125  000.125: sourcing /home/a/.local/share/nvim/lazy/nvim-web-devicons/plugin/nvim-web-devicons.vim
137.473  000.477  000.477: sourcing /home/a/.local/share/nvim/lazy/dashboard-nvim/plugin/dashboard.lua
140.288  000.267  000.267: require('dashboard.utils')
140.299  002.598  002.330: require('dashboard')
140.733  003.057: VimEnter autocommands
148.510  000.500  000.500: require('dashboard.theme.hyper')
149.334  008.101: UIEnter autocommands
172.561  022.761  022.761: sourcing /usr/local/share/nvim/runtime/autoload/provider/clipboard.vim
172.606  000.511: before starting main loop
173.519  000.913: first screen update
173.525  000.006: --- NVIM STARTED ---
07.424  000.474  000.066: require('vim._init_packages')
007.543  000.991: init lua interpreter
023.770  016.227: expanding arguments
024.140  000.370: inits 2
025.286  001.145: init highlight
