

times in msec
 clock   self+sourced   self:  sourced script
 clock   elapsed:              other lines

000.060  000.060: --- NVIM STARTING ---
000.462  000.402: event init
000.718  000.256: early init
003.596  002.878: locale set
003.764  000.168: init first window
004.698  000.934: inits 1
004.719  000.020: window checked
004.739  000.020: parsing arguments
006.503  000.124  000.124: require('vim.shared')
006.796  000.135  000.135: require('vim._meta')
006.801  000.290  000.154: require('vim._editor')
0

times in msec
 clock   self+sourced   self:  sourced script
 clock   elapsed:              other lines

000.112  000.112: --- NVIM STARTING ---
000.680  000.568: event init
001.074  000.394: early init
004.655  003.581: locale set
004.821  000.165: init first window
005.647  000.826: inits 1
005.700  000.053: window checked
005.718  000.018: parsing arguments
006.716  000.114  000.114: require('vim.shared')
007.098  000.146  000.146: require('vim._meta')
007.107  000.385  000.239: require('vim._editor')
007.113  000.575  000.076: require('vim._init_packages')
007.751  001.458: init lua interpreter
009.903  002.151: expanding arguments
010.266  000.363: inits 2
010.776  000.510: init highlight
010.781  000.005: waiting for UI
013.595  002.814: done waiting for UI
014.508  000.913: clear screen
015.119  000.611: init default mappings & autocommands
019.046  000.306  000.306: sourcing /usr/local/share/nvim/runtime/ftplugin.vim
019.639  000.263  000.263: sourcing /usr/local/share/nvim/runtime/indent.vim
022.856  001.396  001.396: require('core.options')
023.593  000.643  000.643: require('snips.async')
027.775  003.726  003.726: require('lazy')
027.872  000.049  000.049: require('ffi')
028.752  000.872  000.872: require('lazy.core.cache')
029.451  000.628  000.628: require('lazy.stats')
029.995  000.516  000.516: require('lazy.core.util')
030.340  000.338  000.338: require('lazy.core.config')
031.857  000.551  000.551: require('lazy.core.handler')
032.348  000.478  000.478: require('lazy.core.plugin')
032.368  002.022  000.992: require('lazy.core.loader')
034.746  000.849  000.849: require('plugins.spec.colorscheme')
035.633  000.838  000.838: require('plugins.spec.completion')
036.191  000.444  000.444: require('plugins.spec.core')
037.007  000.790  000.790: require('plugins.spec.editor')
038.275  001.170  001.170: require('plugins.spec.lsp')
039.436  000.967  000.967: require('plugins.spec.motion')
039.796  000.314  000.314: require('plugins.spec.tool')
040.174  000.349  000.349: require('plugins.spec.treesitter')
041.054  000.810  000.810: require('plugins.spec.ui')
043.186  000.549  000.549: require('lazy.core.handler.event')
043.635  000.436  000.436: require('lazy.core.handler.keys')
044.002  000.356  000.356: require('lazy.core.handler.cmd')
044.346  000.335  000.335: require('lazy.core.handler.ft')
044.424  000.013  000.013: require('vim.keymap')
048.627  002.580  002.580: sourcing /usr/local/share/nvim/runtime/filetype.lua
050.379  000.608  000.608: sourcing /usr/local/share/nvim/runtime/plugin/editorconfig.lua
050.755  000.145  000.145: sourcing /usr/local/share/nvim/runtime/plugin/health.vim
051.410  000.463  000.463: sourcing /usr/local/share/nvim/runtime/plugin/man.lua
055.338  000.622  000.622: sourcing /usr/local/share/nvim/runtime/pack/dist/opt/matchit/plugin/matchit.vim
056.569  004.903  004.281: sourcing /usr/local/share/nvim/runtime/plugin/matchit.vim
057.254  000.449  000.449: sourcing /usr/local/share/nvim/runtime/plugin/matchparen.vim
057.920  000.458  000.458: sourcing /usr/local/share/nvim/runtime/plugin/nvim.lua
058.348  000.231  000.231: sourcing /usr/local/share/nvim/runtime/plugin/shada.vim
059.344  035.739  009.532: require('core.lazy')
067.137  001.452  001.452: require('catppuccin')
070.438  004.928  003.475: sourcing /home/a/.local/share/nvim/lazy/nvim/colors/catppuccin.vim
070.753  050.184  007.478: require('core')
070.792  050.595  000.411: sourcing /home/a/.config/nvim/init.lua
071.234  004.951: sourcing vimrc file(s)
072.331  000.400  000.400: sourcing /usr/local/share/nvim/runtime/filetype.lua
073.655  000.340  000.340: sourcing /usr/local/share/nvim/runtime/syntax/synload.vim
073.938  000.998  000.657: sourcing /usr/local/share/nvim/runtime/syntax/syntax.vim
073.988  001.357: inits 3
095.334  021.345: reading ShaDa
095.915  000.013  000.013: require('vim.F')
097.786  002.439: opening buffers
097.799  000.013: BufEnter autocommands
097.944  000.144: editing files in windows
097.963  000.019: VimEnter autocommands
098.052  000.089: UIEnter autocommands
121.276  022.729  022.729: sourcing /usr/local/share/nvim/runtime/autoload/provider/clipboard.vim
121.438  000.657: before starting main loop
124.377  002.939: first screen update
124.386  000.009: --- NVIM STARTED ---
06.805  000.502  000.088: require('vim._init_packages')
006.962  001.722: init lua interpreter
019.542  012.580: expanding arguments
019.940  000.399: inits 2
020.510  000.569: init highlight
