

times in msec
 clock   self+sourced   self:  sourced script
 clock   elapsed:              other lines

000.023  000.023: --- NVIM STARTING ---
000.352  000.328: event init
000.548  000.196: early init
000.676  000.128: locale set
000.826  000.150: init first window
001.540  000.714: inits 1
001.594  000.054: window checked
001.604  000.010: parsing arguments
002.901  000.132  000.132: require('vim.shared')
003.212  000.116  000.116: require('vim._meta')
003.218  000.308  000.192: require('vim._editor')
003.222  000.558  000.118: require('vim._init_packages')
003.233  001.072: init lua interpreter
003.486  000.253: expanding arguments
003.608  000.121: inits 2
004.463  000.856: init highlight
004.469  000.006: waiting for UI
005.151  000.681: done waiting for UI
005.179  000.028: clear screen
005.546  000.368: init default mappings & autocommands
006.737  000.106  000.106: sourcing /usr/local/share/nvim/runtime/ftplugin.vim
006.868  000.073  000.073: sourcing /usr/local/share/nvim/runtime/indent.vim
006.881  001.156: sourcing vimrc file(s)
007.120  000.202  000.202: sourcing /usr/local/share/nvim/runtime/filetype.lua
007.383  000.139  000.139: sourcing /usr/local/share/nvim/runtime/syntax/synload.vim
007.645  000.464  000.325: sourcing /usr/local/share/nvim/runtime/syntax/syntax.vim
009.286  000.342  000.342: sourcing /usr/local/share/nvim/runtime/plugin/gzip.vim
010.384  000.397  000.397: sourcing /usr/local/share/nvim/runtime/pack/dist/opt/matchit/plugin/matchit.vim
010.644  001.316  000.919: sourcing /usr/local/share/nvim/runtime/plugin/matchit.vim
011.024  000.345  000.345: sourcing /usr/local/share/nvim/runtime/plugin/matchparen.vim
011.830  000.763  000.763: sourcing /usr/local/share/nvim/runtime/plugin/netrwPlugin.vim
011.942  000.058  000.058: sourcing /usr/local/share/nvim/runtime/plugin/rplugin.vim
012.053  000.068  000.068: sourcing /usr/local/share/nvim/runtime/plugin/shada.vim
012.123  000.026  000.026: sourcing /usr/local/share/nvim/runtime/plugin/spellfile.vim
012.268  000.109  000.109: sourcing /usr/local/share/nvim/runtime/plugin/tarPlugin.vim
012.405  000.091  000.091: sourcing /usr/local/share/nvim/runtime/plugin/tohtml.vim
012.465  000.020  000.020: sourcing /usr/local/share/nvim/runtime/plugin/tutor.vim
012.677  000.179  000.179: sourcing /usr/local/share/nvim/runtime/plugin/zipPlugin.vim
013.147  000.066  000.066: sourcing /usr/local/share/nvim/runtime/plugin/editorconfig.lua
013.260  000.080  000.080: sourcing /usr/local/share/nvim/runtime/plugin/man.lua
013.350  000.054  000.054: sourcing /usr/local/share/nvim/runtime/plugin/nvim.lua
013.371  002.306: loading rtp plugins
013.544  000.172: loading packages
013.961  000.417: loading after plugins
013.977  000.016: inits 3
013.984  000.007: reading ShaDa
014.224  000.240: opening buffers
014.243  000.019: BufEnter autocommands
014.247  000.004: editing files in windows
014.327  000.080: VimEnter autocommands
014.330  000.003: UIEnter autocommands
014.331  000.001: before starting main loop
014.750  000.418: first screen update
014.752  000.002: --- NVIM STARTED ---


times in msec
 clock   self+sourced   self:  sourced script
 clock   elapsed:              other lines

000.071  000.071: --- NVIM STARTING ---
000.824  000.753: event init
001.370  000.547: early init
001.737  000.366: locale set
002.225  000.488: init first window
003.648  001.423: inits 1
003.689  000.042: window checked
003.708  000.018: parsing arguments
005.965  000.154  000.154: require('vim.shared')
006.356  000.173  000.173: require('vim._meta')
006.366  000.386  000.212: require('vim._editor')
006.373  000.875  000.336: require('vim._init_packages')
006.391  001.809: init lua interpreter
008.234  001.843: expanding arguments
008.467  000.233: inits 2
009.612  001.145: init highlight
