

times in msec
 clock   self+sourced   self:  sourced script
 clock   elapsed:              other lines

000.073  000.073: --- NVIM STARTING ---
000.988  000.915: event init
001.702  000.715: early init
002.093  000.391: locale set
002.693  000.600: init first window
004.470  001.778: inits 1
004.555  000.085: window checked
004.770  000.215: parsing arguments
007.200  000.146  000.146: require('vim.shared')
007.679  000.221  000.221: require('vim._meta')
007.685  000.470  000.249: require('vim._editor')
007.689  000.917  000.302: require('vim._init_packages')
007.703  002.015: init lua interpreter
008.001  000.298: expanding arguments
008.136  000.134: inits 2
009.066  000.931: init highlight
009.071  000.004: waiting for UI
009.780  000.709: done waiting for UI
009.813  000.032: clear screen
010.190  000.377: init default mappings & autocommands
011.923  000.152  000.152: sourcing /usr/local/share/nvim/runtime/ftplugin.vim
012.087  000.066  000.066: sourcing /usr/local/share/nvim/runtime/indent.vim
012.106  001.698: sourcing vimrc file(s)
012.443  000.284  000.284: sourcing /usr/local/share/nvim/runtime/filetype.lua
012.772  000.129  000.129: sourcing /usr/local/share/nvim/runtime/syntax/synload.vim
013.028  000.492  000.363: sourcing /usr/local/share/nvim/runtime/syntax/syntax.vim
014.138  000.256  000.256: sourcing /usr/local/share/nvim/runtime/plugin/gzip.vim
015.243  000.510  000.510: sourcing /usr/local/share/nvim/runtime/pack/dist/opt/matchit/plugin/matchit.vim
015.565  001.380  000.870: sourcing /usr/local/share/nvim/runtime/plugin/matchit.vim
016.093  000.468  000.468: sourcing /usr/local/share/nvim/runtime/plugin/matchparen.vim
017.049  000.903  000.903: sourcing /usr/local/share/nvim/runtime/plugin/netrwPlugin.vim
017.243  000.118  000.118: sourcing /usr/local/share/nvim/runtime/plugin/rplugin.vim
017.456  000.146  000.146: sourcing /usr/local/share/nvim/runtime/plugin/shada.vim
017.578  000.053  000.053: sourcing /usr/local/share/nvim/runtime/plugin/spellfile.vim
017.866  000.215  000.215: sourcing /usr/local/share/nvim/runtime/plugin/tarPlugin.vim
018.041  000.109  000.109: sourcing /usr/local/share/nvim/runtime/plugin/tohtml.vim
018.121  000.023  000.023: sourcing /usr/local/share/nvim/runtime/plugin/tutor.vim
018.372  000.212  000.212: sourcing /usr/local/share/nvim/runtime/plugin/zipPlugin.vim
018.888  000.087  000.087: sourcing /usr/local/share/nvim/runtime/plugin/editorconfig.lua
019.019  000.093  000.093: sourcing /usr/local/share/nvim/runtime/plugin/man.lua
019.121  000.061  000.061: sourcing /usr/local/share/nvim/runtime/plugin/nvim.lua
019.146  002.139: loading rtp plugins
019.344  000.198: loading packages
019.812  000.468: loading after plugins
019.830  000.018: inits 3
019.831  000.002: reading ShaDa
022.143  001.885  001.885: require('vim.filetype')
023.234  000.094  000.094: sourcing /usr/local/share/nvim/runtime/ftplugin/lua.vim
024.046  000.056  000.056: sourcing /usr/local/share/nvim/runtime/indent/lua.vim
025.291  001.087  001.087: sourcing /usr/local/share/nvim/runtime/syntax/lua.vim
025.505  000.013  000.013: require('vim.F')
025.834  000.321  000.321: require('editorconfig')
025.888  000.047  000.047: require('vim.fs')
026.186  002.853: opening buffers
026.218  000.032: BufEnter autocommands
026.233  000.015: editing files in windows
026.412  000.179: VimEnter autocommands
026.421  000.008: UIEnter autocommands
026.423  000.002: before starting main loop
028.299  001.876: first screen update
028.304  000.005: --- NVIM STARTED ---


times in msec
 clock   self+sourced   self:  sourced script
 clock   elapsed:              other lines

000.073  000.073: --- NVIM STARTING ---
001.013  000.940: event init
001.985  000.973: early init
002.436  000.451: locale set
003.191  000.754: init first window
005.165  001.974: inits 1
005.233  000.068: window checked
005.413  000.180: parsing arguments
008.841  000.314  000.314: require('vim.shared')
009.558  000.317  000.317: require('vim._meta')
009.582  000.707  000.390: require('vim._editor')
009.597  001.550  000.529: require('vim._init_packages')
009.629  002.666: init lua interpreter
012.310  002.682: expanding arguments
012.844  000.534: inits 2
015.818  002.974: init highlight
