

times in msec
 clock   self+sourced   self:  sourced script
 clock   elapsed:              other lines

000.030  000.030: --- NVIM STARTING ---
000.334  000.303: event init
000.530  000.196: early init
000.659  000.129: locale set
000.799  000.140: init first window
001.397  000.598: inits 1
001.429  000.033: window checked
001.510  000.081: parsing arguments
002.511  000.079  000.079: require('vim.shared')
002.762  000.083  000.083: require('vim._meta')
002.767  000.246  000.163: require('vim._editor')
002.770  000.417  000.092: require('vim._init_packages')
002.776  000.849: init lua interpreter
002.965  000.189: expanding arguments
003.067  000.101: inits 2
003.709  000.643: init highlight
003.713  000.003: waiting for UI
004.319  000.607: done waiting for UI
004.380  000.060: clear screen
004.742  000.362: init default mappings & autocommands
006.501  000.150  000.150: sourcing /usr/local/share/nvim/runtime/ftplugin.vim
006.793  000.107  000.107: sourcing /usr/local/share/nvim/runtime/indent.vim
007.327  000.151  000.151: require('vim.loader')
007.557  000.073  000.073: require('vim.fs')
008.189  000.794  000.721: require('settings.options')
008.381  000.186  000.186: require('settings.autocmd')
009.764  001.073  001.073: require('lazy')
009.827  000.038  000.038: require('ffi')
010.092  000.258  000.258: require('lazy.stats')
010.370  000.223  000.223: require('lazy.core.util')
010.505  000.130  000.130: require('lazy.core.config')
010.807  000.149  000.149: require('lazy.core.handler')
010.948  000.137  000.137: require('lazy.core.plugin')
010.961  000.453  000.167: require('lazy.core.loader')
012.146  000.189  000.189: require('plugins.specs.coding')
012.401  000.153  000.153: require('plugins.specs.editor')
012.763  000.328  000.328: require('plugins.specs.lsp')
013.138  000.324  000.324: require('plugins.specs.motion')
014.123  000.179  000.179: require('plugins.specs.tools')
015.105  000.410  000.410: require('plugins.specs.ui')
017.503  000.214  000.214: require('lazy.core.handler.keys')
017.679  000.164  000.164: require('lazy.core.handler.cmd')
018.085  000.159  000.159: require('lazy.core.handler.event')
018.093  000.406  000.248: require('lazy.core.handler.ft')
018.131  000.011  000.011: require('vim.keymap')
022.221  000.572  000.572: sourcing /usr/local/share/nvim/runtime/filetype.lua
022.610  000.081  000.081: sourcing /usr/local/share/nvim/runtime/plugin/editorconfig.lua
022.906  000.199  000.199: sourcing /usr/local/share/nvim/runtime/plugin/man.lua
023.587  000.235  000.235: sourcing /usr/local/share/nvim/runtime/pack/dist/opt/matchit/plugin/matchit.vim
023.710  000.727  000.492: sourcing /usr/local/share/nvim/runtime/plugin/matchit.vim
023.961  000.201  000.201: sourcing /usr/local/share/nvim/runtime/plugin/matchparen.vim
024.511  000.491  000.491: sourcing /usr/local/share/nvim/runtime/plugin/netrwPlugin.vim
024.835  000.243  000.243: sourcing /usr/local/share/nvim/runtime/plugin/nvim.lua
025.123  000.204  000.204: sourcing /usr/local/share/nvim/runtime/plugin/rplugin.vim
025.249  000.070  000.070: sourcing /usr/local/share/nvim/runtime/plugin/shada.vim
025.335  000.030  000.030: sourcing /usr/local/share/nvim/runtime/plugin/spellfile.vim
025.618  017.232  009.860: require('plugins')
027.116  000.545  000.545: require('catppuccin')
027.455  000.089  000.089: require('catppuccin.lib.hashing')
028.513  001.962  001.328: sourcing /home/async/.local/share/nvim/lazy/nvim/colors/catppuccin.vim
028.524  021.551  001.226: sourcing /home/async/.config/nvim/init.lua
028.534  001.984: sourcing vimrc file(s)
028.692  000.090  000.090: sourcing /usr/local/share/nvim/runtime/filetype.lua
028.961  000.103  000.103: sourcing /usr/local/share/nvim/runtime/syntax/synload.vim
029.066  000.284  000.182: sourcing /usr/local/share/nvim/runtime/syntax/syntax.vim
029.087  000.179: inits 3
032.648  003.562: reading ShaDa
035.462  000.046  000.046: sourcing /home/async/.local/share/nvim/lazy/nvim-web-devicons/plugin/nvim-web-devicons.vim
036.554  000.599  000.599: require('heirline.conditions')
036.836  000.278  000.278: require('heirline.utils')
037.087  000.231  000.231: require('core.utils.icons')
037.309  001.500  000.392: require('plugins.configs.ui.heirline.statusline')
037.405  000.093  000.093: require('plugins.configs.ui.heirline.colors')
037.408  001.683  000.090: require('plugins.configs.ui.heirline')
037.589  000.051  000.051: require('heirline.highlights')
037.599  000.118  000.067: require('heirline.statusline')
037.603  000.193  000.074: require('heirline')
039.048  000.076  000.076: require('nvim-treesitter.utils')
039.626  000.115  000.115: require('vim.treesitter.language')
039.643  000.224  000.109: require('vim.treesitter.query')
039.721  000.076  000.076: require('vim.treesitter._range')
039.732  000.381  000.082: require('vim.treesitter.languagetree')
039.742  000.450  000.069: require('vim.treesitter')
040.395  001.343  000.893: require('nvim-treesitter.parsers')
041.168  000.245  000.245: require('nvim-treesitter.compat')
041.388  000.074  000.074: require('nvim-treesitter.ts_utils')
041.394  000.223  000.149: require('nvim-treesitter.tsrange')
041.441  000.045  000.045: require('nvim-treesitter.caching')
041.455  000.764  000.250: require('nvim-treesitter.query')
041.473  000.972  000.208: require('nvim-treesitter.configs')
041.476  001.078  000.105: require('nvim-treesitter.info')
041.543  000.066  000.066: require('nvim-treesitter.shell_command_selectors')
041.568  002.689  000.126: require('nvim-treesitter.install')
041.614  000.044  000.044: require('nvim-treesitter.statusline')
041.668  000.052  000.052: require('nvim-treesitter.query_predicates')
041.671  003.140  000.355: require('nvim-treesitter')
042.027  003.554  000.414: sourcing /home/async/.local/share/nvim/lazy/nvim-treesitter/plugin/nvim-treesitter.lua
042.116  000.054  000.054: require('plugins.configs.editor.treesitter')
043.358  000.053  000.053: require('nvim-treesitter.highlight')
043.586  000.075  000.075: require('nvim-treesitter.indent')
043.678  000.041  000.041: require('catppuccin.palettes')
043.719  000.038  000.038: require('catppuccin.palettes.mocha')
043.799  000.041  000.041: require('catppuccin.lib.highlighter')
043.810  000.219  000.100: require('plugins.highlight.editor.treesitter')
044.001  000.022  000.022: sourcing /home/async/.local/share/nvim/lazy/todo-comments.nvim/plugin/todo.vim
044.537  000.039  000.039: require('todo-comments.util')
044.547  000.103  000.064: require('todo-comments.config')
044.634  000.049  000.049: require('todo-comments.highlight')
044.638  000.088  000.039: require('todo-comments.jump')
044.640  000.491  000.299: require('todo-comments')
044.980  000.043  000.043: require('plugins.configs.editor.gitsigns')
045.331  000.043  000.043: require('gitsigns.async')
045.473  000.043  000.043: require('gitsigns.message')
045.495  000.161  000.118: require('gitsigns.config')
045.549  000.053  000.053: require('gitsigns.debug.log')
045.629  000.077  000.077: require('gitsigns.uv')
045.633  000.651  000.317: require('gitsigns')
048.993  001.455  001.455: require('vim.filetype')
050.191  000.095  000.095: sourcing /usr/local/share/nvim/runtime/ftplugin/lua.vim
051.079  000.081  000.081: sourcing /usr/local/share/nvim/runtime/indent/lua.vim
051.911  000.008  000.008: require('vim.F')
052.091  000.768  000.760: sourcing /usr/local/share/nvim/runtime/syntax/lua.vim
061.429  000.184  000.184: require('vim.treesitter.highlighter')
062.122  000.316  000.316: require('editorconfig')
062.368  019.737: opening buffers
062.387  000.018: BufEnter autocommands
062.390  000.003: editing files in windows
063.774  000.956  000.956: require('mini.starter')
063.784  001.124  000.168: require('plugins.configs.ui.mini-starter')
063.870  000.083  000.083: require('plugins.highlight.ui.mini-starter')
064.260  000.663: VimEnter autocommands
064.293  000.033: UIEnter autocommands
064.295  000.002: before starting main loop
082.893  000.136  000.136: require('vim.inspect')
083.641  000.532  000.532: require('nvim-web-devicons')
086.118  000.188  000.188: require('vim.lsp.log')
086.535  000.413  000.413: require('vim.lsp.protocol')
086.790  000.110  000.110: require('vim.lsp._snippet')
086.871  000.055  000.055: require('vim.highlight')
086.888  000.350  000.185: require('vim.lsp.util')
086.901  001.047  000.096: require('vim.lsp.handlers')
087.047  000.144  000.144: require('vim.lsp.rpc')
087.125  000.075  000.075: require('vim.lsp.sync')
087.220  000.093  000.093: require('vim.lsp.semantic_tokens')
087.324  000.102  000.102: require('vim.lsp.buf')
087.383  000.056  000.056: require('vim.lsp.diagnostic')
087.452  000.067  000.067: require('vim.lsp.codelens')
087.531  002.118  000.534: require('vim.lsp')
087.851  000.292  000.292: require('vim.diagnostic')
088.267  020.894: first screen update
088.269  000.003: --- NVIM STARTED ---


times in msec
 clock   self+sourced   self:  sourced script
 clock   elapsed:              other lines

000.022  000.022: --- NVIM STARTING ---
000.352  000.330: event init
000.576  000.225: early init
000.705  000.128: locale set
000.843  000.138: init first window
001.572  000.729: inits 1
001.600  000.028: window checked
001.681  000.081: parsing arguments
002.796  000.104  000.104: require('vim.shared')
003.060  000.098  000.098: require('vim._meta')
003.065  000.260  000.162: require('vim._editor')
003.068  000.459  000.095: require('vim._init_packages')
003.073  000.933: init lua interpreter
004.050  000.977: expanding arguments
004.219  000.169: inits 2
005.044  000.825: init highlight
