

times in msec
 clock   self+sourced   self:  sourced script
 clock   elapsed:              other lines

000.036  000.036: --- NVIM STARTING ---
000.553  000.516: event init
000.881  000.329: early init
001.063  000.182: locale set
001.273  000.210: init first window
002.415  001.142: inits 1
002.496  000.081: window checked
002.504  000.008: parsing arguments
004.440  000.120  000.120: require('vim.shared')
004.740  000.134  000.134: require('vim._meta')
004.745  000.294  000.160: require('vim._editor')
004.749  000.681  000.266: require('vim._init_packages')
004.762  001.576: init lua interpreter
005.044  000.282: expanding arguments
005.169  000.125: inits 2
005.983  000.815: init highlight
005.988  000.005: waiting for UI
006.647  000.659: done waiting for UI
006.676  000.028: clear screen
007.008  000.332: init default mappings & autocommands
008.719  000.128  000.128: sourcing /usr/local/share/nvim/runtime/ftplugin.vim
008.852  000.056  000.056: sourcing /usr/local/share/nvim/runtime/indent.vim
009.131  000.090  000.090: require('vim.loader')
009.242  000.039  000.039: require('vim.fs')
009.868  000.708  000.669: require('settings.options')
010.066  000.190  000.190: require('settings.autocmd')
012.074  001.429  001.429: require('lazy')
012.156  000.044  000.044: require('ffi')
012.298  000.134  000.134: require('lazy.stats')
012.763  000.431  000.431: require('lazy.core.util')
012.956  000.187  000.187: require('lazy.core.config')
013.326  000.131  000.131: require('lazy.core.handler')
013.552  000.219  000.219: require('lazy.core.plugin')
013.631  000.670  000.319: require('lazy.core.loader')
016.047  000.341  000.341: require('plugins.specs.coding')
016.554  000.294  000.294: require('plugins.specs.editor')
016.891  000.231  000.231: require('plugins.specs.lsp')
018.374  000.374  000.374: require('plugins.specs.motion')
019.710  000.405  000.405: require('plugins.specs.tools')
020.588  000.723  000.723: require('plugins.specs.ui')
023.197  000.469  000.469: require('lazy.core.handler.event')
023.222  000.731  000.262: require('lazy.core.handler.ft')
023.745  000.517  000.517: require('lazy.core.handler.cmd')
024.042  000.269  000.269: require('lazy.core.handler.keys')
024.204  000.013  000.013: require('vim.keymap')
029.189  000.567  000.567: sourcing /usr/local/share/nvim/runtime/filetype.lua
029.626  000.074  000.074: sourcing /usr/local/share/nvim/runtime/plugin/editorconfig.lua
029.746  000.068  000.068: sourcing /usr/local/share/nvim/runtime/plugin/man.lua
030.503  000.308  000.308: sourcing /usr/local/share/nvim/runtime/pack/dist/opt/matchit/plugin/matchit.vim
030.649  000.854  000.547: sourcing /usr/local/share/nvim/runtime/plugin/matchit.vim
030.931  000.230  000.230: sourcing /usr/local/share/nvim/runtime/plugin/matchparen.vim
031.568  000.588  000.588: sourcing /usr/local/share/nvim/runtime/plugin/netrwPlugin.vim
031.820  000.166  000.166: sourcing /usr/local/share/nvim/runtime/plugin/nvim.lua
032.152  000.259  000.259: sourcing /usr/local/share/nvim/runtime/plugin/rplugin.vim
032.341  000.106  000.106: sourcing /usr/local/share/nvim/runtime/plugin/shada.vim
032.469  000.039  000.039: sourcing /usr/local/share/nvim/runtime/plugin/spellfile.vim
032.853  022.778  013.034: require('plugins')
035.374  000.629  000.629: require('catppuccin')
036.147  000.344  000.344: require('catppuccin.lib.hashing')
038.015  003.301  002.328: sourcing /home/async/.local/share/nvim/lazy/nvim/colors/catppuccin.vim
038.039  029.057  001.990: sourcing /home/async/.config/nvim/init.lua
038.054  001.805: sourcing vimrc file(s)
038.524  000.376  000.376: sourcing /usr/local/share/nvim/runtime/filetype.lua
038.930  000.151  000.151: sourcing /usr/local/share/nvim/runtime/syntax/synload.vim
039.081  000.418  000.267: sourcing /usr/local/share/nvim/runtime/syntax/syntax.vim
039.105  000.258: inits 3
044.794  005.689: reading ShaDa
045.241  000.447: opening buffers
045.273  000.031: BufEnter autocommands
045.286  000.013: editing files in windows
047.056  001.199  001.199: require('mini.starter')
047.194  001.706  000.507: require('plugins.configs.ui.mini-starter')
047.959  000.403  000.403: require('catppuccin.palettes')
048.277  000.308  000.308: require('catppuccin.palettes.mocha')
048.588  000.183  000.183: require('catppuccin.lib.highlighter')
048.632  001.396  000.502: require('plugins.highlight.ui.mini-starter')
049.155  000.011  000.011: require('vim.F')
049.728  000.365  000.365: require('editorconfig')
050.346  000.088  000.088: require('vim.inspect')
058.346  000.252  000.252: require('vim.highlight')
060.788  011.684: VimEnter autocommands
060.871  000.082: UIEnter autocommands
060.875  000.005: before starting main loop
062.369  001.494: first screen update
062.377  000.007: --- NVIM STARTED ---


times in msec
 clock   self+sourced   self:  sourced script
 clock   elapsed:              other lines

000.059  000.059: --- NVIM STARTING ---
000.986  000.927: event init
001.562  000.576: early init
001.887  000.325: locale set
002.190  000.303: init first window
003.625  001.435: inits 1
003.680  000.055: window checked
003.688  000.008: parsing arguments
006.788  000.209  000.209: require('vim.shared')
007.519  000.367  000.367: require('vim._meta')
007.547  000.738  000.371: require('vim._editor')
007.553  001.457  000.511: require('vim._init_packages')
007.587  002.441: init lua interpreter
010.224  002.637: expanding arguments
010.677  000.454: inits 2
012.819  002.142: init highlight
